<?xml version="1.0" encoding="UTF-8"?>
<!-- Generated by org.testng.reporters.JUnitReportReporter -->
<testsuite skipped="0" hostname="DESKTOP-TTC81MN" name="com.bridgelabz.appium.myntratesting.testcases.NotificationTest" tests="1" failures="0" timestamp="2020-06-19T15:35:16 IST" time="12.544" errors="0">
  <testcase name="notification" time="12.544" classname="com.bridgelabz.appium.myntratesting.testcases.NotificationTest"/>
</testsuite> <!-- com.bridgelabz.appium.myntratesting.testcases.NotificationTest -->
